<?xml version="1.0" encoding="UTF-8"?>
<testsuite name="games.gameOfFifteen.TestGameOfFifteenInitializer" tests="2" skipped="0" failures="0" errors="0" timestamp="2023-11-08T05:23:34" hostname="DESKTOP-BJQQHCG" time="0.011">
  <properties/>
  <testcase name="testInitialPermutationIsEven" classname="games.gameOfFifteen.TestGameOfFifteenInitializer" time="0.007"/>
  <testcase name="testInitialPermutationIsNotTrivial" classname="games.gameOfFifteen.TestGameOfFifteenInitializer" time="0.004"/>
  <system-out><![CDATA[]]></system-out>
  <system-err><![CDATA[]]></system-err>
</testsuite>
