<?xml version="1.0" encoding="UTF-8"?>
<testsuite name="games.game2048.TestMoveValues" tests="6" skipped="0" failures="0" errors="0" timestamp="2023-11-08T05:23:34" hostname="DESKTOP-BJQQHCG" time="0.033">
  <properties/>
  <testcase name="testSimpleMove" classname="games.game2048.TestMoveValues" time="0.006"/>
  <testcase name="testSeveralMoves" classname="games.game2048.TestMoveValues" time="0.005"/>
  <testcase name="testMerge" classname="games.game2048.TestMoveValues" time="0.005"/>
  <testcase name="testMovesInSomeRows" classname="games.game2048.TestMoveValues" time="0.01"/>
  <testcase name="testMoveAndMerge" classname="games.game2048.TestMoveValues" time="0.003"/>
  <testcase name="testNoMove" classname="games.game2048.TestMoveValues" time="0.003"/>
  <system-out><![CDATA[]]></system-out>
  <system-err><![CDATA[]]></system-err>
</testsuite>
